sample.interval=20000
"solve.default" "solve" "cacheSolve" "testcode" 
"solve.default" "solve" "cacheSolve" "testcode" 
"solve.default" "solve" "cacheSolve" "testcode" 
"solve.default" "solve" "cacheSolve" "testcode" 
"solve.default" "solve" "cacheSolve" "testcode" 
"solve.default" "solve" "cacheSolve" "testcode" 
"solve.default" "solve" "cacheSolve" "testcode" 
"solve.default" "solve" "cacheSolve" "testcode" 
"solve.default" "solve" "cacheSolve" "testcode" 
"solve.default" "solve" "cacheSolve" "testcode" 
"solve.default" "solve" "cacheSolve" "testcode" 
"solve.default" "solve" "cacheSolve" "testcode" 
"solve.default" "solve" "cacheSolve" "testcode" 
"solve.default" "solve" "cacheSolve" "testcode" 
"solve.default" "solve" "cacheSolve" "testcode" 
"solve.default" "solve" "cacheSolve" "testcode" 
"solve.default" "solve" "cacheSolve" "testcode" 
"solve.default" "solve" "cacheSolve" "testcode" 
"solve.default" "solve" "cacheSolve" "testcode" 
"solve.default" "solve" "cacheSolve" "testcode" 
"solve.default" "solve" "cacheSolve" "testcode" 
"solve.default" "solve" "cacheSolve" "testcode" 
"solve.default" "solve" "cacheSolve" "testcode" 
"solve.default" "solve" "cacheSolve" "testcode" 
"solve.default" "solve" "cacheSolve" "testcode" 
"solve.default" "solve" "cacheSolve" "testcode" 
"solve.default" "solve" "cacheSolve" "testcode" 
"solve.default" "solve" "cacheSolve" "testcode" 
"solve.default" "solve" "cacheSolve" "testcode" 
"solve.default" "solve" "cacheSolve" "testcode" 
"solve.default" "solve" "cacheSolve" "testcode" 
"solve.default" "solve" "cacheSolve" "testcode" 
"solve.default" "solve" "cacheSolve" "testcode" 
"solve.default" "solve" "cacheSolve" "testcode" 
"solve.default" "solve" "cacheSolve" "testcode" 
"solve.default" "solve" "cacheSolve" "testcode" 
"solve.default" "solve" "cacheSolve" "testcode" 
"solve.default" "solve" "cacheSolve" "testcode" 
"solve.default" "solve" "cacheSolve" "testcode" 
"solve.default" "solve" "cacheSolve" "testcode" 
"solve.default" "solve" "cacheSolve" "testcode" 
"solve.default" "solve" "cacheSolve" "testcode" 
"solve.default" "solve" "cacheSolve" "testcode" 
"solve.default" "solve" "cacheSolve" "testcode" 
"solve.default" "solve" "cacheSolve" "testcode" 
"solve.default" "solve" "cacheSolve" "testcode" 
"solve.default" "solve" "cacheSolve" "testcode" 
"solve.default" "solve" "cacheSolve" "testcode" 
"solve.default" "solve" "cacheSolve" "testcode" 
"solve.default" "solve" "cacheSolve" "testcode" 
"solve.default" "solve" "cacheSolve" "testcode" 
"solve.default" "solve" "cacheSolve" "testcode" 
"solve.default" "solve" "cacheSolve" "testcode" 
"solve.default" "solve" "cacheSolve" "testcode" 
"solve.default" "solve" "cacheSolve" "testcode" 
"solve.default" "solve" "cacheSolve" "testcode" 
"solve.default" "solve" "cacheSolve" "testcode" 
"solve.default" "solve" "cacheSolve" "testcode" 
"solve.default" "solve" "cacheSolve" "testcode" 
"solve.default" "solve" "cacheSolve" "testcode" 
"solve.default" "solve" "cacheSolve" "testcode" 
"solve.default" "solve" "cacheSolve" "testcode" 
"solve.default" "solve" "cacheSolve" "testcode" 
"solve.default" "solve" "cacheSolve" "testcode" 
"solve.default" "solve" "cacheSolve" "testcode" 
"solve.default" "solve" "cacheSolve" "testcode" 
"solve.default" "solve" "cacheSolve" "testcode" 
"solve.default" "solve" "cacheSolve" "testcode" 
"solve.default" "solve" "cacheSolve" "testcode" 
"solve.default" "solve" "cacheSolve" "testcode" 
"solve.default" "solve" "cacheSolve" "testcode" 
"solve.default" "solve" "cacheSolve" "testcode" 
"solve.default" "solve" "cacheSolve" "testcode" 
"solve.default" "solve" "cacheSolve" "testcode" 
"solve.default" "solve" "cacheSolve" "testcode" 
"solve.default" "solve" "cacheSolve" "testcode" 
"identical" "print" "testcode" 
".External" "rnorm" "matrix" "testcode" 
".External" "rnorm" "matrix" "testcode" 
"matrix" "testcode" 
"diag" "solve.default" "solve" "testcode" 
"solve.default" "solve" "testcode" 
"solve.default" "solve" "testcode" 
"solve.default" "solve" "testcode" 
"solve.default" "solve" "testcode" 
"solve.default" "solve" "testcode" 
"solve.default" "solve" "testcode" 
"solve.default" "solve" "testcode" 
"solve.default" "solve" "testcode" 
"solve.default" "solve" "testcode" 
"solve.default" "solve" "testcode" 
"solve.default" "solve" "testcode" 
"solve.default" "solve" "testcode" 
"solve.default" "solve" "testcode" 
"solve.default" "solve" "testcode" 
"solve.default" "solve" "testcode" 
"solve.default" "solve" "testcode" 
"solve.default" "solve" "testcode" 
"solve.default" "solve" "testcode" 
"solve.default" "solve" "testcode" 
"solve.default" "solve" "testcode" 
"solve.default" "solve" "testcode" 
"solve.default" "solve" "testcode" 
"solve.default" "solve" "testcode" 
"solve.default" "solve" "testcode" 
"solve.default" "solve" "testcode" 
"solve.default" "solve" "testcode" 
"solve.default" "solve" "testcode" 
"solve.default" "solve" "testcode" 
"solve.default" "solve" "testcode" 
"solve.default" "solve" "testcode" 
"solve.default" "solve" "testcode" 
"solve.default" "solve" "testcode" 
"solve.default" "solve" "testcode" 
"solve.default" "solve" "testcode" 
"solve.default" "solve" "testcode" 
"solve.default" "solve" "testcode" 
"solve.default" "solve" "testcode" 
"solve.default" "solve" "testcode" 
"solve.default" "solve" "testcode" 
"solve.default" "solve" "testcode" 
"solve.default" "solve" "testcode" 
"solve.default" "solve" "testcode" 
"solve.default" "solve" "testcode" 
"solve.default" "solve" "testcode" 
"solve.default" "solve" "testcode" 
"solve.default" "solve" "testcode" 
"solve.default" "solve" "testcode" 
"solve.default" "solve" "testcode" 
"solve.default" "solve" "testcode" 
"solve.default" "solve" "testcode" 
"solve.default" "solve" "testcode" 
"solve.default" "solve" "testcode" 
"solve.default" "solve" "testcode" 
"solve.default" "solve" "testcode" 
"solve.default" "solve" "testcode" 
"solve.default" "solve" "testcode" 
"solve.default" "solve" "testcode" 
"solve.default" "solve" "testcode" 
"solve.default" "solve" "testcode" 
"solve.default" "solve" "testcode" 
"solve.default" "solve" "testcode" 
"solve.default" "solve" "testcode" 
"solve.default" "solve" "testcode" 
"solve.default" "solve" "testcode" 
"solve.default" "solve" "testcode" 
"solve.default" "solve" "testcode" 
"solve.default" "solve" "testcode" 
"solve.default" "solve" "testcode" 
"solve.default" "solve" "testcode" 
"solve.default" "solve" "testcode" 
"solve.default" "solve" "testcode" 
"solve.default" "solve" "testcode" 
"solve.default" "solve" "testcode" 
"solve.default" "solve" "testcode" 
"solve.default" "solve" "testcode" 
"solve.default" "solve" "testcode" 
"solve.default" "solve" "testcode" 
"solve.default" "solve" "testcode" 
"solve.default" "solve" "testcode" 
"solve.default" "solve" "cacheSolve" "testcode" 
"solve.default" "solve" "cacheSolve" "testcode" 
"solve.default" "solve" "cacheSolve" "testcode" 
"solve.default" "solve" "cacheSolve" "testcode" 
"solve.default" "solve" "cacheSolve" "testcode" 
"solve.default" "solve" "cacheSolve" "testcode" 
"solve.default" "solve" "cacheSolve" "testcode" 
"solve.default" "solve" "cacheSolve" "testcode" 
"solve.default" "solve" "cacheSolve" "testcode" 
"solve.default" "solve" "cacheSolve" "testcode" 
"solve.default" "solve" "cacheSolve" "testcode" 
"solve.default" "solve" "cacheSolve" "testcode" 
"solve.default" "solve" "cacheSolve" "testcode" 
"solve.default" "solve" "cacheSolve" "testcode" 
"solve.default" "solve" "cacheSolve" "testcode" 
"solve.default" "solve" "cacheSolve" "testcode" 
"solve.default" "solve" "cacheSolve" "testcode" 
"solve.default" "solve" "cacheSolve" "testcode" 
"solve.default" "solve" "cacheSolve" "testcode" 
"solve.default" "solve" "cacheSolve" "testcode" 
"solve.default" "solve" "cacheSolve" "testcode" 
"solve.default" "solve" "cacheSolve" "testcode" 
"solve.default" "solve" "cacheSolve" "testcode" 
"solve.default" "solve" "cacheSolve" "testcode" 
"solve.default" "solve" "cacheSolve" "testcode" 
"solve.default" "solve" "cacheSolve" "testcode" 
"solve.default" "solve" "cacheSolve" "testcode" 
"solve.default" "solve" "cacheSolve" "testcode" 
"solve.default" "solve" "cacheSolve" "testcode" 
"solve.default" "solve" "cacheSolve" "testcode" 
"solve.default" "solve" "cacheSolve" "testcode" 
"solve.default" "solve" "cacheSolve" "testcode" 
"solve.default" "solve" "cacheSolve" "testcode" 
"solve.default" "solve" "cacheSolve" "testcode" 
"solve.default" "solve" "cacheSolve" "testcode" 
"solve.default" "solve" "cacheSolve" "testcode" 
"solve.default" "solve" "cacheSolve" "testcode" 
"solve.default" "solve" "cacheSolve" "testcode" 
"solve.default" "solve" "cacheSolve" "testcode" 
"solve.default" "solve" "cacheSolve" "testcode" 
"solve.default" "solve" "cacheSolve" "testcode" 
"solve.default" "solve" "cacheSolve" "testcode" 
"solve.default" "solve" "cacheSolve" "testcode" 
"solve.default" "solve" "cacheSolve" "testcode" 
"solve.default" "solve" "cacheSolve" "testcode" 
"solve.default" "solve" "cacheSolve" "testcode" 
"solve.default" "solve" "cacheSolve" "testcode" 
"solve.default" "solve" "cacheSolve" "testcode" 
"solve.default" "solve" "cacheSolve" "testcode" 
"solve.default" "solve" "cacheSolve" "testcode" 
"solve.default" "solve" "cacheSolve" "testcode" 
"solve.default" "solve" "cacheSolve" "testcode" 
"solve.default" "solve" "cacheSolve" "testcode" 
"solve.default" "solve" "cacheSolve" "testcode" 
"solve.default" "solve" "cacheSolve" "testcode" 
"solve.default" "solve" "cacheSolve" "testcode" 
"solve.default" "solve" "cacheSolve" "testcode" 
"solve.default" "solve" "cacheSolve" "testcode" 
"solve.default" "solve" "cacheSolve" "testcode" 
"solve.default" "solve" "cacheSolve" "testcode" 
"solve.default" "solve" "cacheSolve" "testcode" 
"solve.default" "solve" "cacheSolve" "testcode" 
"solve.default" "solve" "cacheSolve" "testcode" 
"solve.default" "solve" "cacheSolve" "testcode" 
"solve.default" "solve" "cacheSolve" "testcode" 
"solve.default" "solve" "cacheSolve" "testcode" 
"solve.default" "solve" "cacheSolve" "testcode" 
"solve.default" "solve" "cacheSolve" "testcode" 
"solve.default" "solve" "cacheSolve" "testcode" 
"solve.default" "solve" "cacheSolve" "testcode" 
"solve.default" "solve" "cacheSolve" "testcode" 
"solve.default" "solve" "cacheSolve" "testcode" 
"solve.default" "solve" "cacheSolve" "testcode" 
"solve.default" "solve" "cacheSolve" "testcode" 
"solve.default" "solve" "cacheSolve" "testcode" 
"solve.default" "solve" "cacheSolve" "testcode" 
"identical" "print" "testcode" 
